mod	trans_guid	split_guid	time_now	date_entered	date_posted	acc_guid	acc_name	num	description	notes	memo	action	reconciled	amount	value	date_reconciled
-----------------
===== START
C	07ef145f963447658ef27e94f1c78dec	65e005966de541bf85bb130b268a9d17	2021-04-21 08:37:48	2021-04-21 08:37:48	2021-04-21 10:59:00	d94a429abc384c71952057911bde995c	iiji						n	1000/1	100000/100	1970-01-01 00:00:00
C	07ef145f963447658ef27e94f1c78dec	30f6d4752b9b4057983e72a854ca0168	2021-04-21 08:37:48	2021-04-21 08:37:48	2021-04-21 10:59:00	ac229baa665f47e483efa052122ecd90	depart_B						n	-1000/1	-100000/100	1970-01-01 00:00:00
===== END
===== START
===== END
===== START
B	07ef145f963447658ef27e94f1c78dec	65e005966de541bf85bb130b268a9d17	2021-04-21 08:38:30	2021-04-21 08:37:48	2021-04-21 10:59:00	d94a429abc384c71952057911bde995c	iiji						n	1000/1	100000/100	1970-01-01 00:00:00
B	07ef145f963447658ef27e94f1c78dec	30f6d4752b9b4057983e72a854ca0168	2021-04-21 08:38:30	2021-04-21 08:37:48	2021-04-21 10:59:00	ac229baa665f47e483efa052122ecd90	depart_B						n	-1000/1	-100000/100	1970-01-01 00:00:00
===== END
===== START
C	07ef145f963447658ef27e94f1c78dec	65e005966de541bf85bb130b268a9d17	2021-04-21 08:38:30	2021-04-21 08:37:48	2021-04-21 10:59:00	d94a429abc384c71952057911bde995c	iiji						n	1000/1	100000/100	1970-01-01 00:00:00
C	07ef145f963447658ef27e94f1c78dec	30f6d4752b9b4057983e72a854ca0168	2021-04-21 08:38:30	2021-04-21 08:37:48	2021-04-21 10:59:00	ac229baa665f47e483efa052122ecd90	depart_B						n	-1000/1	-100000/100	1970-01-01 00:00:00
C	07ef145f963447658ef27e94f1c78dec	184ae11022e84b6296f587b55bd71eea	2021-04-21 08:38:30	2021-04-21 08:37:48	2021-04-21 10:59:00	acd5ba8789d24d9fa056ea4c1bfa906e	depart_A						n	-200/1	-20000/100	1970-01-01 00:00:00
C	07ef145f963447658ef27e94f1c78dec	210d360aeebb4441b38109b5f3402e99	2021-04-21 08:38:30	2021-04-21 08:37:48	2021-04-21 10:59:00	19ecb9b9a45f4ec4adbe7862a4da185f	Non soldé-EUR						n	20000/100	20000/100	1970-01-01 00:00:00
===== END
===== START
===== END
===== START
===== END
===== START
B	07ef145f963447658ef27e94f1c78dec	65e005966de541bf85bb130b268a9d17	2021-04-21 08:39:12	2021-04-21 08:37:48	2021-04-21 10:59:00	d94a429abc384c71952057911bde995c	iiji						n	1000/1	100000/100	1970-01-01 00:00:00
B	07ef145f963447658ef27e94f1c78dec	210d360aeebb4441b38109b5f3402e99	2021-04-21 08:39:12	2021-04-21 08:37:48	2021-04-21 10:59:00	19ecb9b9a45f4ec4adbe7862a4da185f	Non soldé-EUR						n	20000/100	20000/100	1970-01-01 00:00:00
B	07ef145f963447658ef27e94f1c78dec	30f6d4752b9b4057983e72a854ca0168	2021-04-21 08:39:12	2021-04-21 08:37:48	2021-04-21 10:59:00	ac229baa665f47e483efa052122ecd90	depart_B						n	-1000/1	-100000/100	1970-01-01 00:00:00
B	07ef145f963447658ef27e94f1c78dec	184ae11022e84b6296f587b55bd71eea	2021-04-21 08:39:12	2021-04-21 08:37:48	2021-04-21 10:59:00	acd5ba8789d24d9fa056ea4c1bfa906e	depart_A						n	-200/1	-20000/100	1970-01-01 00:00:00
===== END
===== START
C	07ef145f963447658ef27e94f1c78dec	65e005966de541bf85bb130b268a9d17	2021-04-21 08:39:12	2021-04-21 08:37:48	2021-04-21 10:59:00	d94a429abc384c71952057911bde995c	iiji						n	1000/1	100000/100	1970-01-01 00:00:00
C	07ef145f963447658ef27e94f1c78dec	210d360aeebb4441b38109b5f3402e99	2021-04-21 08:39:12	2021-04-21 08:37:48	2021-04-21 10:59:00	19ecb9b9a45f4ec4adbe7862a4da185f	Non soldé-EUR						n	-70000/100	-70000/100	1970-01-01 00:00:00
C	07ef145f963447658ef27e94f1c78dec	30f6d4752b9b4057983e72a854ca0168	2021-04-21 08:39:12	2021-04-21 08:37:48	2021-04-21 10:59:00	ac229baa665f47e483efa052122ecd90	depart_B						n	-100/1	-10000/100	1970-01-01 00:00:00
C	07ef145f963447658ef27e94f1c78dec	184ae11022e84b6296f587b55bd71eea	2021-04-21 08:39:12	2021-04-21 08:37:48	2021-04-21 10:59:00	acd5ba8789d24d9fa056ea4c1bfa906e	depart_A						n	-200/1	-20000/100	1970-01-01 00:00:00
===== END
===== START
C	0256124f78c8469c9efae9cbc1a3c938	879cfc6df2aa4309954cddfb09277c5e	2021-04-21 08:39:52	2021-04-21 08:39:52	2021-04-21 10:59:00	ac229baa665f47e483efa052122ecd90	depart_B						n	1/1	100/100	1970-01-01 00:00:00
C	0256124f78c8469c9efae9cbc1a3c938	a7db5e9d3bb0413580668936bf71525c	2021-04-21 08:39:52	2021-04-21 08:39:52	2021-04-21 10:59:00	d94a429abc384c71952057911bde995c	iiji						n	-1/1	-100/100	1970-01-01 00:00:00
===== END
===== START
===== END
